<?xml version="1.0" encoding="UTF-8"?>
<testsuite name="TestAplicacionNumeroEntero" tests="1" skipped="0" failures="0" errors="0" timestamp="2023-01-24T19:07:17" hostname="SISTE283" time="0.013">
  <properties/>
  <testcase name="testMultiploTres()" classname="TestAplicacionNumeroEntero" time="0.013"/>
  <system-out><![CDATA[]]></system-out>
  <system-err><![CDATA[]]></system-err>
</testsuite>
